CRITICAL - 2021-09-29 07:20:03 --> Trying to get property 'codForn' of non-object
#0 C:\xampp\htdocs\pwiii\etecgames08092021\etecgames\app\Views\alterarFormFornecedor.php(5): CodeIgniter\Debug\Exceptions->errorHandler(8, 'Trying to get p...', 'C:\\xampp\\htdocs...', 5, Array)
#1 C:\xampp\htdocs\pwiii\etecgames08092021\etecgames\system\View\View.php(230): include('C:\\xampp\\htdocs...')
#2 C:\xampp\htdocs\pwiii\etecgames08092021\etecgames\system\View\View.php(232): CodeIgniter\View\View->CodeIgniter\View\{closure}()
#3 C:\xampp\htdocs\pwiii\etecgames08092021\etecgames\system\Common.php(1271): CodeIgniter\View\View->render('alterarFormForn...', Array, true)
#4 C:\xampp\htdocs\pwiii\etecgames08092021\etecgames\app\Controllers\FornecedorController.php(70): view('alterarFormForn...', Array)
#5 C:\xampp\htdocs\pwiii\etecgames08092021\etecgames\app\Controllers\FornecedorController.php(135): App\Controllers\FornecedorController->alterarFornecedor(' ')
#6 C:\xampp\htdocs\pwiii\etecgames08092021\etecgames\system\CodeIgniter.php(928): App\Controllers\FornecedorController->listaCodFornecedor()
#7 C:\xampp\htdocs\pwiii\etecgames08092021\etecgames\system\CodeIgniter.php(436): CodeIgniter\CodeIgniter->runController(Object(App\Controllers\FornecedorController))
#8 C:\xampp\htdocs\pwiii\etecgames08092021\etecgames\system\CodeIgniter.php(336): CodeIgniter\CodeIgniter->handleRequest(NULL, Object(Config\Cache), false)
#9 C:\xampp\htdocs\pwiii\etecgames08092021\etecgames\public\index.php(37): CodeIgniter\CodeIgniter->run()
#10 {main}
CRITICAL - 2021-09-29 12:29:26 --> Trying to get property 'codForn' of non-object
#0 C:\xampp\htdocs\pwiii\etecgames\app\Views\alterarFormFornecedor.php(5): CodeIgniter\Debug\Exceptions->errorHandler(8, 'Trying to get p...', 'C:\\xampp\\htdocs...', 5, Array)
#1 C:\xampp\htdocs\pwiii\etecgames\system\View\View.php(230): include('C:\\xampp\\htdocs...')
#2 C:\xampp\htdocs\pwiii\etecgames\system\View\View.php(232): CodeIgniter\View\View->CodeIgniter\View\{closure}()
#3 C:\xampp\htdocs\pwiii\etecgames\system\Common.php(1271): CodeIgniter\View\View->render('alterarFormForn...', Array, true)
#4 C:\xampp\htdocs\pwiii\etecgames\app\Controllers\FornecedorController.php(70): view('alterarFormForn...', Array)
#5 C:\xampp\htdocs\pwiii\etecgames\app\Controllers\FornecedorController.php(135): App\Controllers\FornecedorController->alterarFornecedor(' ')
#6 C:\xampp\htdocs\pwiii\etecgames\system\CodeIgniter.php(928): App\Controllers\FornecedorController->listaCodFornecedor()
#7 C:\xampp\htdocs\pwiii\etecgames\system\CodeIgniter.php(436): CodeIgniter\CodeIgniter->runController(Object(App\Controllers\FornecedorController))
#8 C:\xampp\htdocs\pwiii\etecgames\system\CodeIgniter.php(336): CodeIgniter\CodeIgniter->handleRequest(NULL, Object(Config\Cache), false)
#9 C:\xampp\htdocs\pwiii\etecgames\public\index.php(37): CodeIgniter\CodeIgniter->run()
#10 {main}
CRITICAL - 2021-09-29 12:32:19 --> Trying to get property 'codForn' of non-object
#0 C:\xampp\htdocs\pwiii\etecgames\app\Views\alterarFormFornecedor.php(5): CodeIgniter\Debug\Exceptions->errorHandler(8, 'Trying to get p...', 'C:\\xampp\\htdocs...', 5, Array)
#1 C:\xampp\htdocs\pwiii\etecgames\system\View\View.php(230): include('C:\\xampp\\htdocs...')
#2 C:\xampp\htdocs\pwiii\etecgames\system\View\View.php(232): CodeIgniter\View\View->CodeIgniter\View\{closure}()
#3 C:\xampp\htdocs\pwiii\etecgames\system\Common.php(1271): CodeIgniter\View\View->render('alterarFormForn...', Array, true)
#4 C:\xampp\htdocs\pwiii\etecgames\app\Controllers\FornecedorController.php(70): view('alterarFormForn...', Array)
#5 C:\xampp\htdocs\pwiii\etecgames\app\Controllers\FornecedorController.php(135): App\Controllers\FornecedorController->alterarFornecedor(' ')
#6 C:\xampp\htdocs\pwiii\etecgames\system\CodeIgniter.php(928): App\Controllers\FornecedorController->listaCodFornecedor()
#7 C:\xampp\htdocs\pwiii\etecgames\system\CodeIgniter.php(436): CodeIgniter\CodeIgniter->runController(Object(App\Controllers\FornecedorController))
#8 C:\xampp\htdocs\pwiii\etecgames\system\CodeIgniter.php(336): CodeIgniter\CodeIgniter->handleRequest(NULL, Object(Config\Cache), false)
#9 C:\xampp\htdocs\pwiii\etecgames\public\index.php(37): CodeIgniter\CodeIgniter->run()
#10 {main}
