CRITICAL - 2021-09-15 10:07:55 --> There is no data to insert.
#0 C:\xampp\htdocs\php_etec\etecgames08092021\etecgames\system\BaseModel.php(751): CodeIgniter\Database\Exceptions\DataException::forEmptyDataset('insert')
#1 C:\xampp\htdocs\php_etec\etecgames08092021\etecgames\system\Model.php(686): CodeIgniter\BaseModel->insert(Array, true)
#2 C:\xampp\htdocs\php_etec\etecgames08092021\etecgames\app\Controllers\UsuarioController.php(30): CodeIgniter\Model->insert()
#3 C:\xampp\htdocs\php_etec\etecgames08092021\etecgames\system\CodeIgniter.php(928): App\Controllers\UsuarioController->inserirUsuario()
#4 C:\xampp\htdocs\php_etec\etecgames08092021\etecgames\system\CodeIgniter.php(436): CodeIgniter\CodeIgniter->runController(Object(App\Controllers\UsuarioController))
#5 C:\xampp\htdocs\php_etec\etecgames08092021\etecgames\system\CodeIgniter.php(336): CodeIgniter\CodeIgniter->handleRequest(NULL, Object(Config\Cache), false)
#6 C:\xampp\htdocs\php_etec\etecgames08092021\etecgames\public\index.php(37): CodeIgniter\CodeIgniter->run()
#7 {main}
CRITICAL - 2021-09-15 10:21:03 --> There is no data to insert.
#0 C:\xampp\htdocs\php_etec\etecgames08092021\etecgames\system\BaseModel.php(751): CodeIgniter\Database\Exceptions\DataException::forEmptyDataset('insert')
#1 C:\xampp\htdocs\php_etec\etecgames08092021\etecgames\system\Model.php(686): CodeIgniter\BaseModel->insert(Array, true)
#2 C:\xampp\htdocs\php_etec\etecgames08092021\etecgames\app\Controllers\UsuarioController.php(30): CodeIgniter\Model->insert()
#3 C:\xampp\htdocs\php_etec\etecgames08092021\etecgames\system\CodeIgniter.php(928): App\Controllers\UsuarioController->inserirUsuario()
#4 C:\xampp\htdocs\php_etec\etecgames08092021\etecgames\system\CodeIgniter.php(436): CodeIgniter\CodeIgniter->runController(Object(App\Controllers\UsuarioController))
#5 C:\xampp\htdocs\php_etec\etecgames08092021\etecgames\system\CodeIgniter.php(336): CodeIgniter\CodeIgniter->handleRequest(NULL, Object(Config\Cache), false)
#6 C:\xampp\htdocs\php_etec\etecgames08092021\etecgames\public\index.php(37): CodeIgniter\CodeIgniter->run()
#7 {main}
CRITICAL - 2021-09-15 10:22:23 --> There is no data to insert.
#0 C:\xampp\htdocs\php_etec\etecgames08092021\etecgames\system\BaseModel.php(751): CodeIgniter\Database\Exceptions\DataException::forEmptyDataset('insert')
#1 C:\xampp\htdocs\php_etec\etecgames08092021\etecgames\system\Model.php(686): CodeIgniter\BaseModel->insert(Array, true)
#2 C:\xampp\htdocs\php_etec\etecgames08092021\etecgames\app\Controllers\UsuarioController.php(30): CodeIgniter\Model->insert()
#3 C:\xampp\htdocs\php_etec\etecgames08092021\etecgames\system\CodeIgniter.php(928): App\Controllers\UsuarioController->inserirUsuario()
#4 C:\xampp\htdocs\php_etec\etecgames08092021\etecgames\system\CodeIgniter.php(436): CodeIgniter\CodeIgniter->runController(Object(App\Controllers\UsuarioController))
#5 C:\xampp\htdocs\php_etec\etecgames08092021\etecgames\system\CodeIgniter.php(336): CodeIgniter\CodeIgniter->handleRequest(NULL, Object(Config\Cache), false)
#6 C:\xampp\htdocs\php_etec\etecgames08092021\etecgames\public\index.php(37): CodeIgniter\CodeIgniter->run()
#7 {main}
CRITICAL - 2021-09-15 11:48:20 --> There is no data to insert.
#0 C:\xampp\htdocs\php_etec\etecgames08092021\etecgames\system\BaseModel.php(751): CodeIgniter\Database\Exceptions\DataException::forEmptyDataset('insert')
#1 C:\xampp\htdocs\php_etec\etecgames08092021\etecgames\system\Model.php(686): CodeIgniter\BaseModel->insert(Array, true)
#2 C:\xampp\htdocs\php_etec\etecgames08092021\etecgames\app\Controllers\UsuarioController.php(30): CodeIgniter\Model->insert()
#3 C:\xampp\htdocs\php_etec\etecgames08092021\etecgames\system\CodeIgniter.php(928): App\Controllers\UsuarioController->inserirUsuario()
#4 C:\xampp\htdocs\php_etec\etecgames08092021\etecgames\system\CodeIgniter.php(436): CodeIgniter\CodeIgniter->runController(Object(App\Controllers\UsuarioController))
#5 C:\xampp\htdocs\php_etec\etecgames08092021\etecgames\system\CodeIgniter.php(336): CodeIgniter\CodeIgniter->handleRequest(NULL, Object(Config\Cache), false)
#6 C:\xampp\htdocs\php_etec\etecgames08092021\etecgames\public\index.php(37): CodeIgniter\CodeIgniter->run()
#7 {main}
CRITICAL - 2021-09-15 11:49:37 --> There is no data to insert.
#0 C:\xampp\htdocs\php_etec\etecgames08092021\etecgames\system\BaseModel.php(751): CodeIgniter\Database\Exceptions\DataException::forEmptyDataset('insert')
#1 C:\xampp\htdocs\php_etec\etecgames08092021\etecgames\system\Model.php(686): CodeIgniter\BaseModel->insert(Array, true)
#2 C:\xampp\htdocs\php_etec\etecgames08092021\etecgames\app\Controllers\UsuarioController.php(30): CodeIgniter\Model->insert()
#3 C:\xampp\htdocs\php_etec\etecgames08092021\etecgames\system\CodeIgniter.php(928): App\Controllers\UsuarioController->inserirUsuario()
#4 C:\xampp\htdocs\php_etec\etecgames08092021\etecgames\system\CodeIgniter.php(436): CodeIgniter\CodeIgniter->runController(Object(App\Controllers\UsuarioController))
#5 C:\xampp\htdocs\php_etec\etecgames08092021\etecgames\system\CodeIgniter.php(336): CodeIgniter\CodeIgniter->handleRequest(NULL, Object(Config\Cache), false)
#6 C:\xampp\htdocs\php_etec\etecgames08092021\etecgames\public\index.php(37): CodeIgniter\CodeIgniter->run()
#7 {main}
ERROR - 2021-09-15 11:57:44 --> Error connecting to the database: Access denied for user '****'@'localhost' (using password: YES)
CRITICAL - 2021-09-15 11:57:44 --> Unable to connect to the database.
Main connection [MySQLi]: Access denied for user '****'@'localhost' (using password: YES)
#0 C:\xampp\htdocs\php_etec\etecgames08092021\etecgames\system\Database\BaseConnection.php(625): CodeIgniter\Database\BaseConnection->initialize()
#1 C:\xampp\htdocs\php_etec\etecgames08092021\etecgames\system\Database\BaseBuilder.php(2277): CodeIgniter\Database\BaseConnection->query('INSERT INTO `us...', Array, false)
#2 C:\xampp\htdocs\php_etec\etecgames08092021\etecgames\system\Model.php(259): CodeIgniter\Database\BaseBuilder->insert()
#3 C:\xampp\htdocs\php_etec\etecgames08092021\etecgames\system\BaseModel.php(774): CodeIgniter\Model->doInsert(Array)
#4 C:\xampp\htdocs\php_etec\etecgames08092021\etecgames\system\Model.php(686): CodeIgniter\BaseModel->insert(Array, true)
#5 C:\xampp\htdocs\php_etec\etecgames08092021\etecgames\app\Controllers\UsuarioController.php(30): CodeIgniter\Model->insert()
#6 C:\xampp\htdocs\php_etec\etecgames08092021\etecgames\system\CodeIgniter.php(928): App\Controllers\UsuarioController->inserirUsuario()
#7 C:\xampp\htdocs\php_etec\etecgames08092021\etecgames\system\CodeIgniter.php(436): CodeIgniter\CodeIgniter->runController(Object(App\Controllers\UsuarioController))
#8 C:\xampp\htdocs\php_etec\etecgames08092021\etecgames\system\CodeIgniter.php(336): CodeIgniter\CodeIgniter->handleRequest(NULL, Object(Config\Cache), false)
#9 C:\xampp\htdocs\php_etec\etecgames08092021\etecgames\public\index.php(37): CodeIgniter\CodeIgniter->run()
#10 {main}
CRITICAL - 2021-09-15 11:58:33 --> There is no data to insert.
#0 C:\xampp\htdocs\php_etec\etecgames08092021\etecgames\system\BaseModel.php(751): CodeIgniter\Database\Exceptions\DataException::forEmptyDataset('insert')
#1 C:\xampp\htdocs\php_etec\etecgames08092021\etecgames\system\Model.php(686): CodeIgniter\BaseModel->insert(Array, true)
#2 C:\xampp\htdocs\php_etec\etecgames08092021\etecgames\app\Controllers\UsuarioController.php(30): CodeIgniter\Model->insert()
#3 C:\xampp\htdocs\php_etec\etecgames08092021\etecgames\system\CodeIgniter.php(928): App\Controllers\UsuarioController->inserirUsuario()
#4 C:\xampp\htdocs\php_etec\etecgames08092021\etecgames\system\CodeIgniter.php(436): CodeIgniter\CodeIgniter->runController(Object(App\Controllers\UsuarioController))
#5 C:\xampp\htdocs\php_etec\etecgames08092021\etecgames\system\CodeIgniter.php(336): CodeIgniter\CodeIgniter->handleRequest(NULL, Object(Config\Cache), false)
#6 C:\xampp\htdocs\php_etec\etecgames08092021\etecgames\public\index.php(37): CodeIgniter\CodeIgniter->run()
#7 {main}
ERROR - 2021-09-15 11:59:31 --> Error connecting to the database: Access denied for user '****'@'localhost' (using password: YES)
CRITICAL - 2021-09-15 11:59:31 --> Unable to connect to the database.
Main connection [MySQLi]: Access denied for user '****'@'localhost' (using password: YES)
#0 C:\xampp\htdocs\php_etec\etecgames08092021\etecgames\system\Database\BaseConnection.php(625): CodeIgniter\Database\BaseConnection->initialize()
#1 C:\xampp\htdocs\php_etec\etecgames08092021\etecgames\system\Database\BaseBuilder.php(2277): CodeIgniter\Database\BaseConnection->query('INSERT INTO `us...', Array, false)
#2 C:\xampp\htdocs\php_etec\etecgames08092021\etecgames\system\Model.php(259): CodeIgniter\Database\BaseBuilder->insert()
#3 C:\xampp\htdocs\php_etec\etecgames08092021\etecgames\system\BaseModel.php(774): CodeIgniter\Model->doInsert(Array)
#4 C:\xampp\htdocs\php_etec\etecgames08092021\etecgames\system\Model.php(686): CodeIgniter\BaseModel->insert(Array, true)
#5 C:\xampp\htdocs\php_etec\etecgames08092021\etecgames\app\Controllers\UsuarioController.php(30): CodeIgniter\Model->insert()
#6 C:\xampp\htdocs\php_etec\etecgames08092021\etecgames\system\CodeIgniter.php(928): App\Controllers\UsuarioController->inserirUsuario()
#7 C:\xampp\htdocs\php_etec\etecgames08092021\etecgames\system\CodeIgniter.php(436): CodeIgniter\CodeIgniter->runController(Object(App\Controllers\UsuarioController))
#8 C:\xampp\htdocs\php_etec\etecgames08092021\etecgames\system\CodeIgniter.php(336): CodeIgniter\CodeIgniter->handleRequest(NULL, Object(Config\Cache), false)
#9 C:\xampp\htdocs\php_etec\etecgames08092021\etecgames\public\index.php(37): CodeIgniter\CodeIgniter->run()
#10 {main}
ERROR - 2021-09-15 12:00:57 --> Error connecting to the database: Access denied for user '****'@'localhost' (using password: YES)
CRITICAL - 2021-09-15 12:00:57 --> Unable to connect to the database.
Main connection [MySQLi]: Access denied for user '****'@'localhost' (using password: YES)
#0 C:\xampp\htdocs\php_etec\etecgames08092021\etecgames\system\Database\BaseConnection.php(625): CodeIgniter\Database\BaseConnection->initialize()
#1 C:\xampp\htdocs\php_etec\etecgames08092021\etecgames\system\Database\BaseBuilder.php(2277): CodeIgniter\Database\BaseConnection->query('INSERT INTO `us...', Array, false)
#2 C:\xampp\htdocs\php_etec\etecgames08092021\etecgames\system\Model.php(259): CodeIgniter\Database\BaseBuilder->insert()
#3 C:\xampp\htdocs\php_etec\etecgames08092021\etecgames\system\BaseModel.php(774): CodeIgniter\Model->doInsert(Array)
#4 C:\xampp\htdocs\php_etec\etecgames08092021\etecgames\system\Model.php(686): CodeIgniter\BaseModel->insert(Array, true)
#5 C:\xampp\htdocs\php_etec\etecgames08092021\etecgames\app\Controllers\UsuarioController.php(30): CodeIgniter\Model->insert()
#6 C:\xampp\htdocs\php_etec\etecgames08092021\etecgames\system\CodeIgniter.php(928): App\Controllers\UsuarioController->inserirUsuario()
#7 C:\xampp\htdocs\php_etec\etecgames08092021\etecgames\system\CodeIgniter.php(436): CodeIgniter\CodeIgniter->runController(Object(App\Controllers\UsuarioController))
#8 C:\xampp\htdocs\php_etec\etecgames08092021\etecgames\system\CodeIgniter.php(336): CodeIgniter\CodeIgniter->handleRequest(NULL, Object(Config\Cache), false)
#9 C:\xampp\htdocs\php_etec\etecgames08092021\etecgames\public\index.php(37): CodeIgniter\CodeIgniter->run()
#10 {main}
CRITICAL - 2021-09-15 14:56:59 --> syntax error, unexpected 'ate' (T_STRING)
#0 C:\xampp\htdocs\php_etec\etecgames08092021\etecgames\system\Router\Router.php(169): CodeIgniter\Router\Router->autoRoute('UsuarioControll...')
#1 C:\xampp\htdocs\php_etec\etecgames08092021\etecgames\system\CodeIgniter.php(809): CodeIgniter\Router\Router->handle('UsuarioControll...')
#2 C:\xampp\htdocs\php_etec\etecgames08092021\etecgames\system\CodeIgniter.php(389): CodeIgniter\CodeIgniter->tryToRouteIt(Object(CodeIgniter\Router\RouteCollection))
#3 C:\xampp\htdocs\php_etec\etecgames08092021\etecgames\system\CodeIgniter.php(336): CodeIgniter\CodeIgniter->handleRequest(NULL, Object(Config\Cache), false)
#4 C:\xampp\htdocs\php_etec\etecgames08092021\etecgames\public\index.php(37): CodeIgniter\CodeIgniter->run()
#5 {main}
CRITICAL - 2021-09-15 14:59:02 --> Trying to get property 'codUsu' of non-object
#0 C:\xampp\htdocs\php_etec\etecgames08092021\etecgames\app\Views\alterarFormUsuario.php(5): CodeIgniter\Debug\Exceptions->errorHandler(8, 'Trying to get p...', 'C:\\xampp\\htdocs...', 5, Array)
#1 C:\xampp\htdocs\php_etec\etecgames08092021\etecgames\system\View\View.php(230): include('C:\\xampp\\htdocs...')
#2 C:\xampp\htdocs\php_etec\etecgames08092021\etecgames\system\View\View.php(232): CodeIgniter\View\View->CodeIgniter\View\{closure}()
#3 C:\xampp\htdocs\php_etec\etecgames08092021\etecgames\system\Common.php(1271): CodeIgniter\View\View->render('alterarFormUsua...', Array, true)
#4 C:\xampp\htdocs\php_etec\etecgames08092021\etecgames\app\Controllers\UsuarioController.php(67): view('alterarFormUsua...', Array)
#5 C:\xampp\htdocs\php_etec\etecgames08092021\etecgames\system\CodeIgniter.php(928): App\Controllers\UsuarioController->alterarUsuario()
#6 C:\xampp\htdocs\php_etec\etecgames08092021\etecgames\system\CodeIgniter.php(436): CodeIgniter\CodeIgniter->runController(Object(App\Controllers\UsuarioController))
#7 C:\xampp\htdocs\php_etec\etecgames08092021\etecgames\system\CodeIgniter.php(336): CodeIgniter\CodeIgniter->handleRequest(NULL, Object(Config\Cache), false)
#8 C:\xampp\htdocs\php_etec\etecgames08092021\etecgames\public\index.php(37): CodeIgniter\CodeIgniter->run()
#9 {main}
CRITICAL - 2021-09-15 15:03:07 --> Trying to get property 'codUsu' of non-object
#0 C:\xampp\htdocs\php_etec\etecgames08092021\etecgames\app\Views\alterarFormUsuario.php(5): CodeIgniter\Debug\Exceptions->errorHandler(8, 'Trying to get p...', 'C:\\xampp\\htdocs...', 5, Array)
#1 C:\xampp\htdocs\php_etec\etecgames08092021\etecgames\system\View\View.php(230): include('C:\\xampp\\htdocs...')
#2 C:\xampp\htdocs\php_etec\etecgames08092021\etecgames\system\View\View.php(232): CodeIgniter\View\View->CodeIgniter\View\{closure}()
#3 C:\xampp\htdocs\php_etec\etecgames08092021\etecgames\system\Common.php(1271): CodeIgniter\View\View->render('alterarFormUsua...', Array, true)
#4 C:\xampp\htdocs\php_etec\etecgames08092021\etecgames\app\Controllers\UsuarioController.php(67): view('alterarFormUsua...', Array)
#5 C:\xampp\htdocs\php_etec\etecgames08092021\etecgames\system\CodeIgniter.php(928): App\Controllers\UsuarioController->alterarUsuario()
#6 C:\xampp\htdocs\php_etec\etecgames08092021\etecgames\system\CodeIgniter.php(436): CodeIgniter\CodeIgniter->runController(Object(App\Controllers\UsuarioController))
#7 C:\xampp\htdocs\php_etec\etecgames08092021\etecgames\system\CodeIgniter.php(336): CodeIgniter\CodeIgniter->handleRequest(NULL, Object(Config\Cache), false)
#8 C:\xampp\htdocs\php_etec\etecgames08092021\etecgames\public\index.php(37): CodeIgniter\CodeIgniter->run()
#9 {main}
CRITICAL - 2021-09-15 15:03:28 --> Trying to get property 'codusu' of non-object
#0 C:\xampp\htdocs\php_etec\etecgames08092021\etecgames\app\Views\alterarFormUsuario.php(5): CodeIgniter\Debug\Exceptions->errorHandler(8, 'Trying to get p...', 'C:\\xampp\\htdocs...', 5, Array)
#1 C:\xampp\htdocs\php_etec\etecgames08092021\etecgames\system\View\View.php(230): include('C:\\xampp\\htdocs...')
#2 C:\xampp\htdocs\php_etec\etecgames08092021\etecgames\system\View\View.php(232): CodeIgniter\View\View->CodeIgniter\View\{closure}()
#3 C:\xampp\htdocs\php_etec\etecgames08092021\etecgames\system\Common.php(1271): CodeIgniter\View\View->render('alterarFormUsua...', Array, true)
#4 C:\xampp\htdocs\php_etec\etecgames08092021\etecgames\app\Controllers\UsuarioController.php(67): view('alterarFormUsua...', Array)
#5 C:\xampp\htdocs\php_etec\etecgames08092021\etecgames\system\CodeIgniter.php(928): App\Controllers\UsuarioController->alterarUsuario()
#6 C:\xampp\htdocs\php_etec\etecgames08092021\etecgames\system\CodeIgniter.php(436): CodeIgniter\CodeIgniter->runController(Object(App\Controllers\UsuarioController))
#7 C:\xampp\htdocs\php_etec\etecgames08092021\etecgames\system\CodeIgniter.php(336): CodeIgniter\CodeIgniter->handleRequest(NULL, Object(Config\Cache), false)
#8 C:\xampp\htdocs\php_etec\etecgames08092021\etecgames\public\index.php(37): CodeIgniter\CodeIgniter->run()
#9 {main}
CRITICAL - 2021-09-15 15:13:39 --> Trying to get property 'codUsu' of non-object
#0 C:\xampp\htdocs\php_etec\etecgames08092021\etecgames\app\Views\alterarFormUsuario.php(5): CodeIgniter\Debug\Exceptions->errorHandler(8, 'Trying to get p...', 'C:\\xampp\\htdocs...', 5, Array)
#1 C:\xampp\htdocs\php_etec\etecgames08092021\etecgames\system\View\View.php(230): include('C:\\xampp\\htdocs...')
#2 C:\xampp\htdocs\php_etec\etecgames08092021\etecgames\system\View\View.php(232): CodeIgniter\View\View->CodeIgniter\View\{closure}()
#3 C:\xampp\htdocs\php_etec\etecgames08092021\etecgames\system\Common.php(1271): CodeIgniter\View\View->render('alterarFormUsua...', Array, true)
#4 C:\xampp\htdocs\php_etec\etecgames08092021\etecgames\app\Controllers\UsuarioController.php(67): view('alterarFormUsua...', Array)
#5 C:\xampp\htdocs\php_etec\etecgames08092021\etecgames\system\CodeIgniter.php(928): App\Controllers\UsuarioController->alterarUsuario()
#6 C:\xampp\htdocs\php_etec\etecgames08092021\etecgames\system\CodeIgniter.php(436): CodeIgniter\CodeIgniter->runController(Object(App\Controllers\UsuarioController))
#7 C:\xampp\htdocs\php_etec\etecgames08092021\etecgames\system\CodeIgniter.php(336): CodeIgniter\CodeIgniter->handleRequest(NULL, Object(Config\Cache), false)
#8 C:\xampp\htdocs\php_etec\etecgames08092021\etecgames\public\index.php(37): CodeIgniter\CodeIgniter->run()
#9 {main}
